[2019-08-18 13:56:09] local.ERROR: View [crud.index] not found. {"exception":"[object] (InvalidArgumentException(code: 0): View [crud.index] not found. at /media/moniem/01D4E744C2A08880/Desktop/laravel5.5/vueCRUD/vendor/laravel/framework/src/Illuminate/View/FileViewFinder.php:137)
[stacktrace]
#0 /media/moniem/01D4E744C2A08880/Desktop/laravel5.5/vueCRUD/vendor/laravel/framework/src/Illuminate/View/FileViewFinder.php(79): Illuminate\\View\\FileViewFinder->findInPaths('crud.index', Array)
#1 /media/moniem/01D4E744C2A08880/Desktop/laravel5.5/vueCRUD/vendor/laravel/framework/src/Illuminate/View/Factory.php(130): Illuminate\\View\\FileViewFinder->find('crud.index')
#2 /media/moniem/01D4E744C2A08880/Desktop/laravel5.5/vueCRUD/vendor/laravel/framework/src/Illuminate/Foundation/helpers.php(1011): Illuminate\\View\\Factory->make('crud.index', Array, Array)
#3 /media/moniem/01D4E744C2A08880/Desktop/laravel5.5/vueCRUD/routes/web.php(15): view('crud.index')
#4 /media/moniem/01D4E744C2A08880/Desktop/laravel5.5/vueCRUD/vendor/laravel/framework/src/Illuminate/Routing/Route.php(205): Illuminate\\Routing\\Router->{closure}()
#5 /media/moniem/01D4E744C2A08880/Desktop/laravel5.5/vueCRUD/vendor/laravel/framework/src/Illuminate/Routing/Route.php(179): Illuminate\\Routing\\Route->runCallable()
#6 /media/moniem/01D4E744C2A08880/Desktop/laravel5.5/vueCRUD/vendor/laravel/framework/src/Illuminate/Routing/Router.php(682): Illuminate\\Routing\\Route->run()
#7 /media/moniem/01D4E744C2A08880/Desktop/laravel5.5/vueCRUD/vendor/laravel/framework/src/Illuminate/Routing/Pipeline.php(30): Illuminate\\Routing\\Router->Illuminate\\Routing\\{closure}(Object(Illuminate\\Http\\Request))
#8 /media/moniem/01D4E744C2A08880/Desktop/laravel5.5/vueCRUD/vendor/laravel/framework/src/Illuminate/Routing/Middleware/SubstituteBindings.php(41): Illuminate\\Routing\\Pipeline->Illuminate\\Routing\\{closure}(Object(Illuminate\\Http\\Request))
#9 /media/moniem/01D4E744C2A08880/Desktop/laravel5.5/vueCRUD/vendor/laravel/framework/src/Illuminate/Pipeline/Pipeline.php(163): Illuminate\\Routing\\Middleware\\SubstituteBindings->handle(Object(Illuminate\\Http\\Request), Object(Closure))
#10 /media/moniem/01D4E744C2A08880/Desktop/laravel5.5/vueCRUD/vendor/laravel/framework/src/Illuminate/Routing/Pipeline.php(53): Illuminate\\Pipeline\\Pipeline->Illuminate\\Pipeline\\{closure}(Object(Illuminate\\Http\\Request))
#11 /media/moniem/01D4E744C2A08880/Desktop/laravel5.5/vueCRUD/vendor/laravel/framework/src/Illuminate/Foundation/Http/Middleware/VerifyCsrfToken.php(75): Illuminate\\Routing\\Pipeline->Illuminate\\Routing\\{closure}(Object(Illuminate\\Http\\Request))
#12 /media/moniem/01D4E744C2A08880/Desktop/laravel5.5/vueCRUD/vendor/laravel/framework/src/Illuminate/Pipeline/Pipeline.php(163): Illuminate\\Foundation\\Http\\Middleware\\VerifyCsrfToken->handle(Object(Illuminate\\Http\\Request), Object(Closure))
#13 /media/moniem/01D4E744C2A08880/Desktop/laravel5.5/vueCRUD/vendor/laravel/framework/src/Illuminate/Routing/Pipeline.php(53): Illuminate\\Pipeline\\Pipeline->Illuminate\\Pipeline\\{closure}(Object(Illuminate\\Http\\Request))
#14 /media/moniem/01D4E744C2A08880/Desktop/laravel5.5/vueCRUD/vendor/laravel/framework/src/Illuminate/View/Middleware/ShareErrorsFromSession.php(49): Illuminate\\Routing\\Pipeline->Illuminate\\Routing\\{closure}(Object(Illuminate\\Http\\Request))
#15 /media/moniem/01D4E744C2A08880/Desktop/laravel5.5/vueCRUD/vendor/laravel/framework/src/Illuminate/Pipeline/Pipeline.php(163): Illuminate\\View\\Middleware\\ShareErrorsFromSession->handle(Object(Illuminate\\Http\\Request), Object(Closure))
#16 /media/moniem/01D4E744C2A08880/Desktop/laravel5.5/vueCRUD/vendor/laravel/framework/src/Illuminate/Routing/Pipeline.php(53): Illuminate\\Pipeline\\Pipeline->Illuminate\\Pipeline\\{closure}(Object(Illuminate\\Http\\Request))
#17 /media/moniem/01D4E744C2A08880/Desktop/laravel5.5/vueCRUD/vendor/laravel/framework/src/Illuminate/Session/Middleware/StartSession.php(63): Illuminate\\Routing\\Pipeline->Illuminate\\Routing\\{closure}(Object(Illuminate\\Http\\Request))
#18 /media/moniem/01D4E744C2A08880/Desktop/laravel5.5/vueCRUD/vendor/laravel/framework/src/Illuminate/Pipeline/Pipeline.php(163): Illuminate\\Session\\Middleware\\StartSession->handle(Object(Illuminate\\Http\\Request), Object(Closure))
#19 /media/moniem/01D4E744C2A08880/Desktop/laravel5.5/vueCRUD/vendor/laravel/framework/src/Illuminate/Routing/Pipeline.php(53): Illuminate\\Pipeline\\Pipeline->Illuminate\\Pipeline\\{closure}(Object(Illuminate\\Http\\Request))
#20 /media/moniem/01D4E744C2A08880/Desktop/laravel5.5/vueCRUD/vendor/laravel/framework/src/Illuminate/Cookie/Middleware/AddQueuedCookiesToResponse.php(37): Illuminate\\Routing\\Pipeline->Illuminate\\Routing\\{closure}(Object(Illuminate\\Http\\Request))
#21 /media/moniem/01D4E744C2A08880/Desktop/laravel5.5/vueCRUD/vendor/laravel/framework/src/Illuminate/Pipeline/Pipeline.php(163): Illuminate\\Cookie\\Middleware\\AddQueuedCookiesToResponse->handle(Object(Illuminate\\Http\\Request), Object(Closure))
#22 /media/moniem/01D4E744C2A08880/Desktop/laravel5.5/vueCRUD/vendor/laravel/framework/src/Illuminate/Routing/Pipeline.php(53): Illuminate\\Pipeline\\Pipeline->Illuminate\\Pipeline\\{closure}(Object(Illuminate\\Http\\Request))
#23 /media/moniem/01D4E744C2A08880/Desktop/laravel5.5/vueCRUD/vendor/laravel/framework/src/Illuminate/Cookie/Middleware/EncryptCookies.php(66): Illuminate\\Routing\\Pipeline->Illuminate\\Routing\\{closure}(Object(Illuminate\\Http\\Request))
#24 /media/moniem/01D4E744C2A08880/Desktop/laravel5.5/vueCRUD/vendor/laravel/framework/src/Illuminate/Pipeline/Pipeline.php(163): Illuminate\\Cookie\\Middleware\\EncryptCookies->handle(Object(Illuminate\\Http\\Request), Object(Closure))
#25 /media/moniem/01D4E744C2A08880/Desktop/laravel5.5/vueCRUD/vendor/laravel/framework/src/Illuminate/Routing/Pipeline.php(53): Illuminate\\Pipeline\\Pipeline->Illuminate\\Pipeline\\{closure}(Object(Illuminate\\Http\\Request))
#26 /media/moniem/01D4E744C2A08880/Desktop/laravel5.5/vueCRUD/vendor/laravel/framework/src/Illuminate/Pipeline/Pipeline.php(104): Illuminate\\Routing\\Pipeline->Illuminate\\Routing\\{closure}(Object(Illuminate\\Http\\Request))
#27 /media/moniem/01D4E744C2A08880/Desktop/laravel5.5/vueCRUD/vendor/laravel/framework/src/Illuminate/Routing/Router.php(684): Illuminate\\Pipeline\\Pipeline->then(Object(Closure))
#28 /media/moniem/01D4E744C2A08880/Desktop/laravel5.5/vueCRUD/vendor/laravel/framework/src/Illuminate/Routing/Router.php(659): Illuminate\\Routing\\Router->runRouteWithinStack(Object(Illuminate\\Routing\\Route), Object(Illuminate\\Http\\Request))
#29 /media/moniem/01D4E744C2A08880/Desktop/laravel5.5/vueCRUD/vendor/laravel/framework/src/Illuminate/Routing/Router.php(625): Illuminate\\Routing\\Router->runRoute(Object(Illuminate\\Http\\Request), Object(Illuminate\\Routing\\Route))
#30 /media/moniem/01D4E744C2A08880/Desktop/laravel5.5/vueCRUD/vendor/laravel/framework/src/Illuminate/Routing/Router.php(614): Illuminate\\Routing\\Router->dispatchToRoute(Object(Illuminate\\Http\\Request))
#31 /media/moniem/01D4E744C2A08880/Desktop/laravel5.5/vueCRUD/vendor/laravel/framework/src/Illuminate/Foundation/Http/Kernel.php(176): Illuminate\\Routing\\Router->dispatch(Object(Illuminate\\Http\\Request))
#32 /media/moniem/01D4E744C2A08880/Desktop/laravel5.5/vueCRUD/vendor/laravel/framework/src/Illuminate/Routing/Pipeline.php(30): Illuminate\\Foundation\\Http\\Kernel->Illuminate\\Foundation\\Http\\{closure}(Object(Illuminate\\Http\\Request))
#33 /media/moniem/01D4E744C2A08880/Desktop/laravel5.5/vueCRUD/vendor/fideloper/proxy/src/TrustProxies.php(57): Illuminate\\Routing\\Pipeline->Illuminate\\Routing\\{closure}(Object(Illuminate\\Http\\Request))
#34 /media/moniem/01D4E744C2A08880/Desktop/laravel5.5/vueCRUD/vendor/laravel/framework/src/Illuminate/Pipeline/Pipeline.php(163): Fideloper\\Proxy\\TrustProxies->handle(Object(Illuminate\\Http\\Request), Object(Closure))
#35 /media/moniem/01D4E744C2A08880/Desktop/laravel5.5/vueCRUD/vendor/laravel/framework/src/Illuminate/Routing/Pipeline.php(53): Illuminate\\Pipeline\\Pipeline->Illuminate\\Pipeline\\{closure}(Object(Illuminate\\Http\\Request))
#36 /media/moniem/01D4E744C2A08880/Desktop/laravel5.5/vueCRUD/vendor/laravel/framework/src/Illuminate/Foundation/Http/Middleware/TransformsRequest.php(31): Illuminate\\Routing\\Pipeline->Illuminate\\Routing\\{closure}(Object(Illuminate\\Http\\Request))
#37 /media/moniem/01D4E744C2A08880/Desktop/laravel5.5/vueCRUD/vendor/laravel/framework/src/Illuminate/Pipeline/Pipeline.php(163): Illuminate\\Foundation\\Http\\Middleware\\TransformsRequest->handle(Object(Illuminate\\Http\\Request), Object(Closure))
#38 /media/moniem/01D4E744C2A08880/Desktop/laravel5.5/vueCRUD/vendor/laravel/framework/src/Illuminate/Routing/Pipeline.php(53): Illuminate\\Pipeline\\Pipeline->Illuminate\\Pipeline\\{closure}(Object(Illuminate\\Http\\Request))
#39 /media/moniem/01D4E744C2A08880/Desktop/laravel5.5/vueCRUD/vendor/laravel/framework/src/Illuminate/Foundation/Http/Middleware/TransformsRequest.php(31): Illuminate\\Routing\\Pipeline->Illuminate\\Routing\\{closure}(Object(Illuminate\\Http\\Request))
#40 /media/moniem/01D4E744C2A08880/Desktop/laravel5.5/vueCRUD/vendor/laravel/framework/src/Illuminate/Pipeline/Pipeline.php(163): Illuminate\\Foundation\\Http\\Middleware\\TransformsRequest->handle(Object(Illuminate\\Http\\Request), Object(Closure))
#41 /media/moniem/01D4E744C2A08880/Desktop/laravel5.5/vueCRUD/vendor/laravel/framework/src/Illuminate/Routing/Pipeline.php(53): Illuminate\\Pipeline\\Pipeline->Illuminate\\Pipeline\\{closure}(Object(Illuminate\\Http\\Request))
#42 /media/moniem/01D4E744C2A08880/Desktop/laravel5.5/vueCRUD/vendor/laravel/framework/src/Illuminate/Foundation/Http/Middleware/ValidatePostSize.php(27): Illuminate\\Routing\\Pipeline->Illuminate\\Routing\\{closure}(Object(Illuminate\\Http\\Request))
#43 /media/moniem/01D4E744C2A08880/Desktop/laravel5.5/vueCRUD/vendor/laravel/framework/src/Illuminate/Pipeline/Pipeline.php(163): Illuminate\\Foundation\\Http\\Middleware\\ValidatePostSize->handle(Object(Illuminate\\Http\\Request), Object(Closure))
#44 /media/moniem/01D4E744C2A08880/Desktop/laravel5.5/vueCRUD/vendor/laravel/framework/src/Illuminate/Routing/Pipeline.php(53): Illuminate\\Pipeline\\Pipeline->Illuminate\\Pipeline\\{closure}(Object(Illuminate\\Http\\Request))
#45 /media/moniem/01D4E744C2A08880/Desktop/laravel5.5/vueCRUD/vendor/laravel/framework/src/Illuminate/Foundation/Http/Middleware/CheckForMaintenanceMode.php(62): Illuminate\\Routing\\Pipeline->Illuminate\\Routing\\{closure}(Object(Illuminate\\Http\\Request))
#46 /media/moniem/01D4E744C2A08880/Desktop/laravel5.5/vueCRUD/vendor/laravel/framework/src/Illuminate/Pipeline/Pipeline.php(163): Illuminate\\Foundation\\Http\\Middleware\\CheckForMaintenanceMode->handle(Object(Illuminate\\Http\\Request), Object(Closure))
#47 /media/moniem/01D4E744C2A08880/Desktop/laravel5.5/vueCRUD/vendor/laravel/framework/src/Illuminate/Routing/Pipeline.php(53): Illuminate\\Pipeline\\Pipeline->Illuminate\\Pipeline\\{closure}(Object(Illuminate\\Http\\Request))
#48 /media/moniem/01D4E744C2A08880/Desktop/laravel5.5/vueCRUD/vendor/laravel/framework/src/Illuminate/Pipeline/Pipeline.php(104): Illuminate\\Routing\\Pipeline->Illuminate\\Routing\\{closure}(Object(Illuminate\\Http\\Request))
#49 /media/moniem/01D4E744C2A08880/Desktop/laravel5.5/vueCRUD/vendor/laravel/framework/src/Illuminate/Foundation/Http/Kernel.php(151): Illuminate\\Pipeline\\Pipeline->then(Object(Closure))
#50 /media/moniem/01D4E744C2A08880/Desktop/laravel5.5/vueCRUD/vendor/laravel/framework/src/Illuminate/Foundation/Http/Kernel.php(116): Illuminate\\Foundation\\Http\\Kernel->sendRequestThroughRouter(Object(Illuminate\\Http\\Request))
#51 /media/moniem/01D4E744C2A08880/Desktop/laravel5.5/vueCRUD/public/index.php(55): Illuminate\\Foundation\\Http\\Kernel->handle(Object(Illuminate\\Http\\Request))
#52 /media/moniem/01D4E744C2A08880/Desktop/laravel5.5/vueCRUD/server.php(21): require_once('/media/moniem/0...')
#53 {main}
"} 
[2019-08-18 13:56:10] local.ERROR: file_put_contents(E:\Desktop\laravel5.5\vueCRUD\storage\framework/sessions/w1ZN49vSNkHbRPbT3XGGGwK4pU6TllLYgG0criQb): failed to open stream: No such file or directory {"exception":"[object] (ErrorException(code: 0): file_put_contents(E:\\Desktop\\laravel5.5\\vueCRUD\\storage\\framework/sessions/w1ZN49vSNkHbRPbT3XGGGwK4pU6TllLYgG0criQb): failed to open stream: No such file or directory at /media/moniem/01D4E744C2A08880/Desktop/laravel5.5/vueCRUD/vendor/laravel/framework/src/Illuminate/Filesystem/Filesystem.php:122)
[stacktrace]
#0 [internal function]: Illuminate\\Foundation\\Bootstrap\\HandleExceptions->handleError(2, 'file_put_conten...', '/media/moniem/0...', 122, Array)
#1 /media/moniem/01D4E744C2A08880/Desktop/laravel5.5/vueCRUD/vendor/laravel/framework/src/Illuminate/Filesystem/Filesystem.php(122): file_put_contents('E:\\\\Desktop\\\\lara...', 'a:3:{s:6:\"_toke...', 2)
#2 /media/moniem/01D4E744C2A08880/Desktop/laravel5.5/vueCRUD/vendor/laravel/framework/src/Illuminate/Session/FileSessionHandler.php(83): Illuminate\\Filesystem\\Filesystem->put('E:\\\\Desktop\\\\lara...', 'a:3:{s:6:\"_toke...', true)
#3 /media/moniem/01D4E744C2A08880/Desktop/laravel5.5/vueCRUD/vendor/laravel/framework/src/Illuminate/Session/Store.php(129): Illuminate\\Session\\FileSessionHandler->write('w1ZN49vSNkHbRPb...', 'a:3:{s:6:\"_toke...')
#4 /media/moniem/01D4E744C2A08880/Desktop/laravel5.5/vueCRUD/vendor/laravel/framework/src/Illuminate/Session/Middleware/StartSession.php(87): Illuminate\\Session\\Store->save()
#5 /media/moniem/01D4E744C2A08880/Desktop/laravel5.5/vueCRUD/vendor/laravel/framework/src/Illuminate/Foundation/Http/Kernel.php(218): Illuminate\\Session\\Middleware\\StartSession->terminate(Object(Illuminate\\Http\\Request), Object(Illuminate\\Http\\Response))
#6 /media/moniem/01D4E744C2A08880/Desktop/laravel5.5/vueCRUD/vendor/laravel/framework/src/Illuminate/Foundation/Http/Kernel.php(189): Illuminate\\Foundation\\Http\\Kernel->terminateMiddleware(Object(Illuminate\\Http\\Request), Object(Illuminate\\Http\\Response))
#7 /media/moniem/01D4E744C2A08880/Desktop/laravel5.5/vueCRUD/public/index.php(60): Illuminate\\Foundation\\Http\\Kernel->terminate(Object(Illuminate\\Http\\Request), Object(Illuminate\\Http\\Response))
#8 /media/moniem/01D4E744C2A08880/Desktop/laravel5.5/vueCRUD/server.php(21): require_once('/media/moniem/0...')
#9 {main}
"} 
